  main.c
c:\users\user\desktop\project_computer_organization2\simulator\simulator\simulator\main.c(6): error C2059: syntax error: ','
c:\users\user\desktop\project_computer_organization2\simulator\simulator\simulator\main.c(19): error C2065: 'dmemin': undeclared identifier
c:\users\user\desktop\project_computer_organization2\simulator\simulator\simulator\main.c(19): warning C4047: '=': 'int' differs in levels of indirection from 'FILE *'
c:\users\user\desktop\project_computer_organization2\simulator\simulator\simulator\main.c(20): error C2065: 'dmemin': undeclared identifier
c:\users\user\desktop\project_computer_organization2\simulator\simulator\simulator\main.c(20): warning C4047: 'function': 'FILE *' differs in levels of indirection from 'int'
c:\users\user\desktop\project_computer_organization2\simulator\simulator\simulator\main.c(20): warning C4024: 'read_dmemin': different types for formal and actual parameter 1
c:\users\user\desktop\project_computer_organization2\simulator\simulator\simulator\main.c(21): error C2065: 'dmemin': undeclared identifier
c:\users\user\desktop\project_computer_organization2\simulator\simulator\simulator\main.c(21): warning C4047: 'function': 'FILE *' differs in levels of indirection from 'int'
c:\users\user\desktop\project_computer_organization2\simulator\simulator\simulator\main.c(21): warning C4024: 'close_file': different types for formal and actual parameter 1
c:\users\user\desktop\project_computer_organization2\simulator\simulator\simulator\main.c(23): error C2065: 'diskin': undeclared identifier
c:\users\user\desktop\project_computer_organization2\simulator\simulator\simulator\main.c(23): warning C4047: '=': 'int' differs in levels of indirection from 'FILE *'
c:\users\user\desktop\project_computer_organization2\simulator\simulator\simulator\main.c(24): error C2065: 'diskin': undeclared identifier
c:\users\user\desktop\project_computer_organization2\simulator\simulator\simulator\main.c(24): warning C4047: 'function': 'FILE *' differs in levels of indirection from 'int'
c:\users\user\desktop\project_computer_organization2\simulator\simulator\simulator\main.c(24): warning C4024: 'read_diskin': different types for formal and actual parameter 1
c:\users\user\desktop\project_computer_organization2\simulator\simulator\simulator\main.c(27): error C2065: 'irq2in': undeclared identifier
c:\users\user\desktop\project_computer_organization2\simulator\simulator\simulator\main.c(27): warning C4047: '=': 'int' differs in levels of indirection from 'FILE *'
c:\users\user\desktop\project_computer_organization2\simulator\simulator\simulator\main.c(28): error C2065: 'trace': undeclared identifier
c:\users\user\desktop\project_computer_organization2\simulator\simulator\simulator\main.c(28): warning C4047: '=': 'int' differs in levels of indirection from 'FILE *'
c:\users\user\desktop\project_computer_organization2\simulator\simulator\simulator\main.c(29): error C2065: 'hwregtrace': undeclared identifier
c:\users\user\desktop\project_computer_organization2\simulator\simulator\simulator\main.c(29): warning C4047: '=': 'int' differs in levels of indirection from 'FILE *'
c:\users\user\desktop\project_computer_organization2\simulator\simulator\simulator\main.c(30): error C2065: 'leds_file': undeclared identifier
c:\users\user\desktop\project_computer_organization2\simulator\simulator\simulator\main.c(30): warning C4047: '=': 'int' differs in levels of indirection from 'FILE *'
c:\users\user\desktop\project_computer_organization2\simulator\simulator\simulator\main.c(34): error C2065: 'trace': undeclared identifier
c:\users\user\desktop\project_computer_organization2\simulator\simulator\simulator\main.c(34): warning C4047: 'function': 'FILE *' differs in levels of indirection from 'int'
c:\users\user\desktop\project_computer_organization2\simulator\simulator\simulator\main.c(34): warning C4024: 'IMEMIN_pass': different types for formal and actual parameter 1
c:\users\user\desktop\project_computer_organization2\simulator\simulator\simulator\main.c(34): error C2065: 'irq2in': undeclared identifier
c:\users\user\desktop\project_computer_organization2\simulator\simulator\simulator\main.c(34): warning C4024: 'IMEMIN_pass': different types for formal and actual parameter 5
c:\users\user\desktop\project_computer_organization2\simulator\simulator\simulator\main.c(34): error C2065: 'leds_file': undeclared identifier
c:\users\user\desktop\project_computer_organization2\simulator\simulator\simulator\main.c(34): warning C4024: 'IMEMIN_pass': different types for formal and actual parameter 8
c:\users\user\desktop\project_computer_organization2\simulator\simulator\simulator\main.c(34): error C2065: 'hwregtrace': undeclared identifier
c:\users\user\desktop\project_computer_organization2\simulator\simulator\simulator\main.c(34): warning C4024: 'IMEMIN_pass': different types for formal and actual parameter 9
c:\users\user\desktop\project_computer_organization2\simulator\simulator\simulator\main.c(37): error C2065: 'irq2in': undeclared identifier
c:\users\user\desktop\project_computer_organization2\simulator\simulator\simulator\main.c(37): warning C4047: 'function': 'FILE *' differs in levels of indirection from 'int'
c:\users\user\desktop\project_computer_organization2\simulator\simulator\simulator\main.c(37): warning C4024: 'close_file': different types for formal and actual parameter 1
c:\users\user\desktop\project_computer_organization2\simulator\simulator\simulator\main.c(38): error C2065: 'hwregtrace': undeclared identifier
c:\users\user\desktop\project_computer_organization2\simulator\simulator\simulator\main.c(38): warning C4047: 'function': 'FILE *' differs in levels of indirection from 'int'
c:\users\user\desktop\project_computer_organization2\simulator\simulator\simulator\main.c(38): warning C4024: 'close_file': different types for formal and actual parameter 1
c:\users\user\desktop\project_computer_organization2\simulator\simulator\simulator\main.c(40): error C2065: 'dmemout': undeclared identifier
c:\users\user\desktop\project_computer_organization2\simulator\simulator\simulator\main.c(40): warning C4047: '=': 'int' differs in levels of indirection from 'FILE *'
c:\users\user\desktop\project_computer_organization2\simulator\simulator\simulator\main.c(41): error C2065: 'dmemout': undeclared identifier
c:\users\user\desktop\project_computer_organization2\simulator\simulator\simulator\main.c(41): warning C4047: 'function': 'FILE *' differs in levels of indirection from 'int'
c:\users\user\desktop\project_computer_organization2\simulator\simulator\simulator\main.c(41): warning C4024: 'print_dmemout': different types for formal and actual parameter 1
c:\users\user\desktop\project_computer_organization2\simulator\simulator\simulator\main.c(42): error C2065: 'dmemout': undeclared identifier
c:\users\user\desktop\project_computer_organization2\simulator\simulator\simulator\main.c(42): warning C4047: 'function': 'FILE *' differs in levels of indirection from 'int'
c:\users\user\desktop\project_computer_organization2\simulator\simulator\simulator\main.c(42): warning C4024: 'close_file': different types for formal and actual parameter 1
c:\users\user\desktop\project_computer_organization2\simulator\simulator\simulator\main.c(44): error C2065: 'regout': undeclared identifier
c:\users\user\desktop\project_computer_organization2\simulator\simulator\simulator\main.c(44): warning C4047: '=': 'int' differs in levels of indirection from 'FILE *'
c:\users\user\desktop\project_computer_organization2\simulator\simulator\simulator\main.c(45): error C2065: 'dmemout': undeclared identifier
c:\users\user\desktop\project_computer_organization2\simulator\simulator\simulator\main.c(45): warning C4047: 'function': 'FILE *' differs in levels of indirection from 'int'
c:\users\user\desktop\project_computer_organization2\simulator\simulator\simulator\main.c(45): warning C4024: 'print_regout': different types for formal and actual parameter 1
c:\users\user\desktop\project_computer_organization2\simulator\simulator\simulator\main.c(46): error C2065: 'regout': undeclared identifier
c:\users\user\desktop\project_computer_organization2\simulator\simulator\simulator\main.c(46): warning C4047: 'function': 'FILE *' differs in levels of indirection from 'int'
c:\users\user\desktop\project_computer_organization2\simulator\simulator\simulator\main.c(46): warning C4024: 'close_file': different types for formal and actual parameter 1
c:\users\user\desktop\project_computer_organization2\simulator\simulator\simulator\main.c(48): error C2065: 'cycles': undeclared identifier
c:\users\user\desktop\project_computer_organization2\simulator\simulator\simulator\main.c(48): warning C4047: '=': 'int' differs in levels of indirection from 'FILE *'
c:\users\user\desktop\project_computer_organization2\simulator\simulator\simulator\main.c(49): error C2065: 'cycles': undeclared identifier
c:\users\user\desktop\project_computer_organization2\simulator\simulator\simulator\main.c(49): warning C4047: 'function': 'FILE *' differs in levels of indirection from 'int'
c:\users\user\desktop\project_computer_organization2\simulator\simulator\simulator\main.c(49): warning C4024: 'print_cycles': different types for formal and actual parameter 1
c:\users\user\desktop\project_computer_organization2\simulator\simulator\simulator\main.c(50): error C2065: 'cycles': undeclared identifier
c:\users\user\desktop\project_computer_organization2\simulator\simulator\simulator\main.c(50): warning C4047: 'function': 'FILE *' differs in levels of indirection from 'int'
c:\users\user\desktop\project_computer_organization2\simulator\simulator\simulator\main.c(50): warning C4024: 'close_file': different types for formal and actual parameter 1
c:\users\user\desktop\project_computer_organization2\simulator\simulator\simulator\main.c(52): error C2065: 'monitor': undeclared identifier
c:\users\user\desktop\project_computer_organization2\simulator\simulator\simulator\main.c(52): warning C4047: '=': 'int' differs in levels of indirection from 'FILE *'
c:\users\user\desktop\project_computer_organization2\simulator\simulator\simulator\main.c(53): error C2065: 'monitor': undeclared identifier
c:\users\user\desktop\project_computer_organization2\simulator\simulator\simulator\main.c(53): warning C4047: 'function': 'FILE *' differs in levels of indirection from 'int'
c:\users\user\desktop\project_computer_organization2\simulator\simulator\simulator\main.c(53): warning C4024: 'print_monitor': different types for formal and actual parameter 1
c:\users\user\desktop\project_computer_organization2\simulator\simulator\simulator\main.c(54): error C2065: 'monitor': undeclared identifier
c:\users\user\desktop\project_computer_organization2\simulator\simulator\simulator\main.c(54): warning C4047: 'function': 'FILE *' differs in levels of indirection from 'int'
c:\users\user\desktop\project_computer_organization2\simulator\simulator\simulator\main.c(54): warning C4024: 'close_file': different types for formal and actual parameter 1
c:\users\user\desktop\project_computer_organization2\simulator\simulator\simulator\main.c(56): error C2065: 'monitor_yuv': undeclared identifier
c:\users\user\desktop\project_computer_organization2\simulator\simulator\simulator\main.c(56): warning C4047: '=': 'int' differs in levels of indirection from 'FILE *'
c:\users\user\desktop\project_computer_organization2\simulator\simulator\simulator\main.c(57): error C2065: 'monitor_yuv': undeclared identifier
c:\users\user\desktop\project_computer_organization2\simulator\simulator\simulator\main.c(57): warning C4047: 'function': 'FILE *' differs in levels of indirection from 'int'
c:\users\user\desktop\project_computer_organization2\simulator\simulator\simulator\main.c(57): warning C4024: 'print_monitor_yuv': different types for formal and actual parameter 1
c:\users\user\desktop\project_computer_organization2\simulator\simulator\simulator\main.c(58): error C2065: 'monitor_yuv': undeclared identifier
c:\users\user\desktop\project_computer_organization2\simulator\simulator\simulator\main.c(58): warning C4047: 'function': 'FILE *' differs in levels of indirection from 'int'
c:\users\user\desktop\project_computer_organization2\simulator\simulator\simulator\main.c(58): warning C4024: 'close_file': different types for formal and actual parameter 1
c:\users\user\desktop\project_computer_organization2\simulator\simulator\simulator\main.c(60): error C2065: 'diskout': undeclared identifier
c:\users\user\desktop\project_computer_organization2\simulator\simulator\simulator\main.c(60): warning C4047: '=': 'int' differs in levels of indirection from 'FILE *'
c:\users\user\desktop\project_computer_organization2\simulator\simulator\simulator\main.c(61): error C2065: 'diskout': undeclared identifier
c:\users\user\desktop\project_computer_organization2\simulator\simulator\simulator\main.c(61): warning C4047: 'function': 'FILE *' differs in levels of indirection from 'int'
c:\users\user\desktop\project_computer_organization2\simulator\simulator\simulator\main.c(61): warning C4024: 'print_diskout': different types for formal and actual parameter 1
c:\users\user\desktop\project_computer_organization2\simulator\simulator\simulator\main.c(62): error C2065: 'diskout': undeclared identifier
c:\users\user\desktop\project_computer_organization2\simulator\simulator\simulator\main.c(62): warning C4047: 'function': 'FILE *' differs in levels of indirection from 'int'
c:\users\user\desktop\project_computer_organization2\simulator\simulator\simulator\main.c(62): warning C4024: 'close_file': different types for formal and actual parameter 1
  simulator.c
c:\users\user\desktop\project_computer_organization2\simulator\simulator\simulator\simulator.c(74): error C4996: 'fopen': This function or variable may be unsafe. Consider using fopen_s instead. To disable deprecation, use _CRT_SECURE_NO_WARNINGS. See online help for details.
  c:\program files (x86)\windows kits\10\include\10.0.17763.0\ucrt\stdio.h(208): note: see declaration of 'fopen'
c:\users\user\desktop\project_computer_organization2\simulator\simulator\simulator\simulator.c(149): error C4996: 'sscanf': This function or variable may be unsafe. Consider using sscanf_s instead. To disable deprecation, use _CRT_SECURE_NO_WARNINGS. See online help for details.
  c:\program files (x86)\windows kits\10\include\10.0.17763.0\ucrt\stdio.h(2263): note: see declaration of 'sscanf'
c:\users\user\desktop\project_computer_organization2\simulator\simulator\simulator\simulator.c(160): error C4996: 'sscanf': This function or variable may be unsafe. Consider using sscanf_s instead. To disable deprecation, use _CRT_SECURE_NO_WARNINGS. See online help for details.
  c:\program files (x86)\windows kits\10\include\10.0.17763.0\ucrt\stdio.h(2263): note: see declaration of 'sscanf'
c:\users\user\desktop\project_computer_organization2\simulator\simulator\simulator\simulator.c(166): error C4996: 'sscanf': This function or variable may be unsafe. Consider using sscanf_s instead. To disable deprecation, use _CRT_SECURE_NO_WARNINGS. See online help for details.
  c:\program files (x86)\windows kits\10\include\10.0.17763.0\ucrt\stdio.h(2263): note: see declaration of 'sscanf'
c:\users\user\desktop\project_computer_organization2\simulator\simulator\simulator\simulator.c(698): warning C4013: 'clks_handle' undefined; assuming extern returning int
c:\users\user\desktop\project_computer_organization2\simulator\simulator\simulator\simulator.c(699): warning C4013: 'disk_check' undefined; assuming extern returning int
c:\users\user\desktop\project_computer_organization2\simulator\simulator\simulator\simulator.c(700): warning C4013: 'timer_handle' undefined; assuming extern returning int
c:\users\user\desktop\project_computer_organization2\simulator\simulator\simulator\simulator.c(702): warning C4013: 'execute_instruction' undefined; assuming extern returning int
c:\users\user\desktop\project_computer_organization2\simulator\simulator\simulator\simulator.c(703): warning C4013: 'leds_handle' undefined; assuming extern returning int
c:\users\user\desktop\project_computer_organization2\simulator\simulator\simulator\simulator.c(718): warning C4013: 'irq2in_read' undefined; assuming extern returning int
c:\users\user\desktop\project_computer_organization2\simulator\simulator\simulator\simulator.c(720): warning C4013: 'irq2in_handle' undefined; assuming extern returning int
c:\users\user\desktop\project_computer_organization2\simulator\simulator\simulator\simulator.c(722): warning C4013: 'is_interrupt' undefined; assuming extern returning int
c:\users\user\desktop\project_computer_organization2\simulator\simulator\simulator\simulator.c(725): warning C4013: 'interrupt_handle' undefined; assuming extern returning int
c:\users\user\desktop\project_computer_organization2\simulator\simulator\simulator\simulator.c(721): error C4996: 'strcpy': This function or variable may be unsafe. Consider using strcpy_s instead. To disable deprecation, use _CRT_SECURE_NO_WARNINGS. See online help for details.
  c:\program files (x86)\windows kits\10\include\10.0.17763.0\ucrt\string.h(133): note: see declaration of 'strcpy'
c:\users\user\desktop\project_computer_organization2\simulator\simulator\simulator\simulator.c(753): error C4996: 'strcpy': This function or variable may be unsafe. Consider using strcpy_s instead. To disable deprecation, use _CRT_SECURE_NO_WARNINGS. See online help for details.
  c:\program files (x86)\windows kits\10\include\10.0.17763.0\ucrt\string.h(133): note: see declaration of 'strcpy'
  Generating Code...
